15:30:50.690 [main] INFO  testCases.Gift_Card - click on buy now and capture the error message....
15:30:50.720 [main] INFO  testCases.Gift_Card - User prints the error message....
15:30:52.021 [main] INFO  testCases.Hotel_Section - User clicks on Hotels tab....
15:30:55.104 [main] INFO  testCases.Hotel_Section - User clicks on guest button and then on adults....
15:31:17.159 [main] INFO  testCases.Hotel_Section - get the list of number of adults and print it....
15:42:51.575 [main] INFO  testCases.cabBooking - User clicks on cab....
15:43:03.053 [main] INFO  testCases.cabBooking - User enters from and to locations....
15:43:19.068 [main] INFO  testCases.cabBooking - User enters date and time and click on search....
15:43:23.342 [main] INFO  testCases.cabBooking - User selects car type as SUV....
15:43:23.492 [main] INFO  testCases.cabBooking - User prints the lowest car price....
15:43:48.059 [main] INFO  testCases.Gift_Card - User clicks on more tab and selects Giftcard option....
15:43:50.984 [main] INFO  testCases.Gift_Card - User selects wedding gift card and selects Email option....
15:43:52.266 [main] INFO  testCases.Gift_Card - Scrolll to that field and enter invalid email....
15:43:53.152 [main] INFO  testCases.Gift_Card - click on buy now and capture the error message....
15:43:53.162 [main] INFO  testCases.Gift_Card - User prints the error message....
15:43:54.112 [main] INFO  testCases.Hotel_Section - User clicks on Hotels tab....
15:43:56.660 [main] INFO  testCases.Hotel_Section - User clicks on guest button and then on adults....
15:44:10.853 [main] INFO  testCases.Hotel_Section - get the list of number of adults and print it....
11:09:06.869 [main] INFO  testCases.cabBooking - User clicks on cab....
11:10:29.613 [main] INFO  testCases.Gift_Card - User prints the error message....
11:11:30.342 [main] INFO  testCases.Hotel_Section - User clicks on Hotels tab....
15:05:43.259 [main] INFO  testCases.cabBooking - User clicks on cab....
15:05:50.420 [main] INFO  testCases.cabBooking - User enters from and to locations....
15:05:55.178 [main] INFO  testCases.cabBooking - User enters date and time and click on search....
15:05:57.936 [main] INFO  testCases.cabBooking - User selects car type as SUV....
15:05:58.165 [main] INFO  testCases.cabBooking - User prints the lowest car price....
15:06:04.524 [main] INFO  testCases.Gift_Card - User clicks on more tab and selects Giftcard option....
15:06:21.791 [main] INFO  testCases.Gift_Card - User selects wedding gift card and selects Email option....
15:06:22.835 [main] INFO  testCases.Gift_Card - Scrolll to that field and enter invalid email....
15:06:23.643 [main] INFO  testCases.Gift_Card - click on buy now and capture the error message....
15:06:23.649 [main] INFO  testCases.Gift_Card - User prints the error message....
15:06:24.361 [main] INFO  testCases.Hotel_Section - User clicks on Hotels tab....
15:06:26.311 [main] INFO  testCases.Hotel_Section - User clicks on guest button and then on adults....
15:06:40.257 [main] INFO  testCases.Hotel_Section - get the list of number of adults and print it....
19:55:32.532 [main] INFO  testCases.cabBooking - User clicks on cab....
19:55:40.795 [main] INFO  testCases.cabBooking - User enters from and to locations....
19:55:50.710 [main] INFO  testCases.cabBooking - User enters date and time and click on search....
19:55:51.704 [main] INFO  testCases.cabBooking - User selects car type as SUV....
19:55:52.014 [main] INFO  testCases.cabBooking - User prints the lowest car price....
19:56:01.288 [main] INFO  testCases.Gift_Card - User clicks on more tab and selects Giftcard option....
19:56:05.330 [main] INFO  testCases.Gift_Card - User selects wedding gift card and selects Email option....
19:56:07.379 [main] INFO  testCases.Gift_Card - Scrolll to that field and enter invalid email....
19:56:08.414 [main] INFO  testCases.Gift_Card - click on buy now and capture the error message....
19:56:08.424 [main] INFO  testCases.Gift_Card - User prints the error message....
19:56:10.057 [main] INFO  testCases.Hotel_Section - User clicks on Hotels tab....
19:56:11.213 [main] INFO  testCases.Hotel_Section - User clicks on guest button and then on adults....
19:56:33.112 [main] INFO  testCases.Hotel_Section - get the list of number of adults and print it....
20:03:13.394 [main] INFO  testCases.Gift_Card - User prints the error message....
20:05:32.967 [main] INFO  testCases.cabBooking - User clicks on cab....
20:05:39.751 [main] INFO  testCases.cabBooking - User enters from and to locations....
20:05:54.374 [main] INFO  testCases.cabBooking - User enters date and time and click on search....
20:05:54.900 [main] INFO  testCases.cabBooking - User selects car type as SUV....
20:05:55.041 [main] INFO  testCases.cabBooking - User prints the lowest car price....
20:06:04.866 [main] INFO  testCases.Gift_Card - User clicks on more tab and selects Giftcard option....
20:06:07.031 [main] INFO  testCases.Gift_Card - User selects wedding gift card and selects Email option....
