12:03:29.684 [main] INFO  testCases.cabBooking - User clicks on cab....
12:03:35.844 [main] INFO  testCases.cabBooking - User enters from and to locations....
12:03:41.917 [main] INFO  testCases.cabBooking - User enters date and time and click on search....
12:03:45.280 [main] INFO  testCases.cabBooking - User selects car type as SUV....
12:03:45.437 [main] INFO  testCases.cabBooking - User prints the lowest car price....
12:03:50.778 [main] INFO  testCases.Gift_Card - User clicks on more tab and selects Giftcard option....
12:03:53.439 [main] INFO  testCases.Gift_Card - User selects wedding gift card and selects Email option....
12:03:54.281 [main] INFO  testCases.Gift_Card - Scrolll to that field and enter invalid email....
12:03:54.844 [main] INFO  testCases.Gift_Card - click on buy now and capture the error message....
12:03:54.851 [main] INFO  testCases.Gift_Card - User prints the error message....
12:03:55.511 [main] INFO  testCases.Hotel_Section - User clicks on Hotels tab....
12:03:56.752 [main] INFO  testCases.Hotel_Section - User clicks on guest button and then on adults....
12:04:07.107 [main] INFO  testCases.Hotel_Section - get the list of number of adults and print it....
12:08:57.271 [main] INFO  testCases.cabBooking - User clicks on cab....
12:10:19.444 [main] INFO  testCases.Gift_Card - User prints the error message....
12:11:39.597 [main] INFO  testCases.Hotel_Section - User clicks on Hotels tab....
12:21:32.964 [main] INFO  testCases.cabBooking - User clicks on cab....
12:21:38.683 [main] INFO  testCases.cabBooking - User enters from and to locations....
12:21:44.286 [main] INFO  testCases.cabBooking - User enters date and time and click on search....
12:21:47.469 [main] INFO  testCases.cabBooking - User selects car type as SUV....
12:21:47.679 [main] INFO  testCases.cabBooking - User prints the lowest car price....
12:21:52.217 [main] INFO  testCases.Gift_Card - User clicks on more tab and selects Giftcard option....
12:21:55.553 [main] INFO  testCases.Gift_Card - User selects wedding gift card and selects Email option....
12:21:56.467 [main] INFO  testCases.Gift_Card - Scrolll to that field and enter invalid email....
12:21:57.149 [main] INFO  testCases.Gift_Card - click on buy now and capture the error message....
12:21:57.158 [main] INFO  testCases.Gift_Card - User prints the error message....
12:21:57.803 [main] INFO  testCases.Hotel_Section - User clicks on Hotels tab....
12:21:59.386 [main] INFO  testCases.Hotel_Section - User clicks on guest button and then on adults....
12:22:11.501 [main] INFO  testCases.Hotel_Section - get the list of number of adults and print it....
12:29:04.715 [main] INFO  testCases.cabBooking - User clicks on cab....
12:29:11.085 [main] INFO  testCases.cabBooking - User enters from and to locations....
12:29:20.750 [main] INFO  testCases.cabBooking - User enters date and time and click on search....
12:29:24.067 [main] INFO  testCases.cabBooking - User selects car type as SUV....
12:29:24.167 [main] INFO  testCases.cabBooking - User prints the lowest car price....
12:29:38.022 [main] INFO  testCases.Gift_Card - User clicks on more tab and selects Giftcard option....
12:29:44.664 [main] INFO  testCases.Gift_Card - User selects wedding gift card and selects Email option....
12:29:45.549 [main] INFO  testCases.Gift_Card - Scrolll to that field and enter invalid email....
12:29:46.149 [main] INFO  testCases.Gift_Card - click on buy now and capture the error message....
12:29:46.153 [main] INFO  testCases.Gift_Card - User prints the error message....
12:29:46.790 [main] INFO  testCases.Hotel_Section - User clicks on Hotels tab....
12:29:50.755 [main] INFO  testCases.Hotel_Section - User clicks on guest button and then on adults....
12:30:02.505 [main] INFO  testCases.Hotel_Section - get the list of number of adults and print it....
12:34:10.789 [main] INFO  testCases.cabBooking - User clicks on cab....
12:35:33.129 [main] INFO  testCases.Gift_Card - User prints the error message....
12:36:33.849 [main] INFO  testCases.Hotel_Section - User clicks on Hotels tab....
