16:24:22.059 [main] INFO  testCases.cabBooking - User clicks on cab....
16:24:36.950 [main] INFO  testCases.cabBooking - User enters from and to locations....
16:25:59.535 [main] INFO  testCases.cabBooking - User clicks on cab....
16:26:22.488 [main] INFO  testCases.cabBooking - User enters from and to locations....
16:30:05.317 [main] INFO  testCases.cabBooking - User clicks on cab....
16:30:10.923 [main] INFO  testCases.cabBooking - User enters from and to locations....
16:30:48.903 [main] INFO  testCases.cabBooking - User enters date and time and click on search....
16:30:49.258 [main] INFO  testCases.cabBooking - User selects car type as SUV....
16:30:49.328 [main] INFO  testCases.cabBooking - User prints the lowest car price....
16:31:19.265 [main] INFO  testCases.Gift_Card - User clicks on more tab and selects Giftcard option....
16:31:24.053 [main] INFO  testCases.Gift_Card - User selects wedding gift card and selects Email option....
16:31:24.488 [main] INFO  testCases.Gift_Card - Scrolll to that field and enter invalid email....
16:31:25.016 [main] INFO  testCases.Gift_Card - click on buy now and capture the error message....
16:31:25.022 [main] INFO  testCases.Gift_Card - User prints the error message....
16:31:25.462 [main] INFO  testCases.Hotel_Section - User clicks on Hotels tab....
16:31:26.223 [main] INFO  testCases.Hotel_Section - User clicks on guest button and then on adults....
16:31:32.585 [main] INFO  testCases.Hotel_Section - get the list of number of adults and print it....
16:33:25.387 [TestNG-tests-1] INFO  testCases.cabBooking - User clicks on cab....
16:33:26.002 [TestNG-tests-2] INFO  testCases.cabBooking - User clicks on cab....
16:34:13.179 [TestNG-tests-2] INFO  testCases.Gift_Card - User prints the error message....
16:34:13.386 [TestNG-tests-1] INFO  testCases.Gift_Card - User prints the error message....
18:04:49.660 [main] INFO  testCases.cabBooking - User clicks on cab....
18:04:54.673 [main] INFO  testCases.cabBooking - User enters from and to locations....
18:05:17.979 [main] INFO  testCases.cabBooking - User enters date and time and click on search....
18:05:18.268 [main] INFO  testCases.cabBooking - User selects car type as SUV....
18:05:18.339 [main] INFO  testCases.cabBooking - User prints the lowest car price....
18:05:40.816 [main] INFO  testCases.Gift_Card - User clicks on more tab and selects Giftcard option....
18:05:43.419 [main] INFO  testCases.Gift_Card - User selects wedding gift card and selects Email option....
18:05:44.064 [main] INFO  testCases.Gift_Card - Scrolll to that field and enter invalid email....
18:05:44.534 [main] INFO  testCases.Gift_Card - click on buy now and capture the error message....
18:05:44.542 [main] INFO  testCases.Gift_Card - User prints the error message....
18:05:44.946 [main] INFO  testCases.Hotel_Section - User clicks on Hotels tab....
18:05:45.863 [main] INFO  testCases.Hotel_Section - User clicks on guest button and then on adults....
18:05:52.761 [main] INFO  testCases.Hotel_Section - get the list of number of adults and print it....
10:17:50.413 [main] INFO  testCases.cabBooking - User clicks on cab....
10:17:58.157 [main] INFO  testCases.cabBooking - User enters from and to locations....
10:18:08.830 [main] INFO  testCases.cabBooking - User enters date and time and click on search....
10:18:09.126 [main] INFO  testCases.cabBooking - User selects car type as SUV....
10:18:09.208 [main] INFO  testCases.cabBooking - User prints the lowest car price....
10:18:16.428 [main] INFO  testCases.Gift_Card - User clicks on more tab and selects Giftcard option....
10:18:23.229 [main] INFO  testCases.Gift_Card - User selects wedding gift card and selects Email option....
10:18:23.663 [main] INFO  testCases.Gift_Card - Scrolll to that field and enter invalid email....
10:18:24.154 [main] INFO  testCases.Gift_Card - click on buy now and capture the error message....
10:18:24.162 [main] INFO  testCases.Gift_Card - User prints the error message....
10:18:24.611 [main] INFO  testCases.Hotel_Section - User clicks on Hotels tab....
10:18:25.643 [main] INFO  testCases.Hotel_Section - User clicks on guest button and then on adults....
10:18:33.079 [main] INFO  testCases.Hotel_Section - get the list of number of adults and print it....
11:35:31.856 [main] INFO  testCases.cabBooking - User clicks on cab....
11:35:42.467 [main] INFO  testCases.cabBooking - User enters from and to locations....
11:35:48.628 [main] INFO  testCases.cabBooking - User enters date and time and click on search....
11:35:52.148 [main] INFO  testCases.cabBooking - User selects car type as SUV....
11:35:52.236 [main] INFO  testCases.cabBooking - User prints the lowest car price....
11:36:00.572 [main] INFO  testCases.Gift_Card - User clicks on more tab and selects Giftcard option....
11:36:03.951 [main] INFO  testCases.Gift_Card - User selects wedding gift card and selects Email option....
11:36:04.852 [main] INFO  testCases.Gift_Card - Scrolll to that field and enter invalid email....
