16:41:04.442 [main] INFO  testCases.cabBooking - User clicks on cab....
16:41:10.967 [main] INFO  testCases.cabBooking - User enters from and to locations....
16:41:18.524 [main] INFO  testCases.cabBooking - User enters date and time and click on search....
16:41:19.176 [main] INFO  testCases.cabBooking - User selects car type as SUV....
16:41:19.363 [main] INFO  testCases.cabBooking - User prints the lowest car price....
16:41:23.363 [main] INFO  testCases.Gift_Card - User clicks on more tab and selects Giftcard option....
16:41:25.441 [main] INFO  testCases.Gift_Card - User selects wedding gift card and selects Email option....
16:41:26.383 [main] INFO  testCases.Gift_Card - Scrolll to that field and enter invalid email....
16:41:27.038 [main] INFO  testCases.Gift_Card - click on buy now and capture the error message....
16:41:27.046 [main] INFO  testCases.Gift_Card - User prints the error message....
16:41:27.817 [main] INFO  testCases.Hotel_Section - User clicks on Hotels tab....
16:41:30.275 [main] INFO  testCases.Hotel_Section - User clicks on guest button and then on adults....
16:41:40.314 [main] INFO  testCases.Hotel_Section - get the list of number of adults and print it....
10:44:31.043 [main] INFO  testCases.Gift_Card - User prints the error message....
10:46:00.408 [main] INFO  testCases.cabBooking - User clicks on cab....
10:46:08.375 [main] INFO  testCases.cabBooking - User enters from and to locations....
10:46:17.213 [main] INFO  testCases.cabBooking - User enters date and time and click on search....
10:46:17.718 [main] INFO  testCases.cabBooking - User selects car type as SUV....
10:46:17.845 [main] INFO  testCases.cabBooking - User prints the lowest car price....
10:46:22.228 [main] INFO  testCases.Gift_Card - User clicks on more tab and selects Giftcard option....
10:46:25.566 [main] INFO  testCases.Gift_Card - User selects wedding gift card and selects Email option....
10:46:26.615 [main] INFO  testCases.Gift_Card - Scrolll to that field and enter invalid email....
10:46:27.417 [main] INFO  testCases.Gift_Card - click on buy now and capture the error message....
10:46:27.423 [main] INFO  testCases.Gift_Card - User prints the error message....
10:46:28.384 [main] INFO  testCases.Hotel_Section - User clicks on Hotels tab....
10:46:30.799 [main] INFO  testCases.Hotel_Section - User clicks on guest button and then on adults....
10:46:43.893 [main] INFO  testCases.Hotel_Section - get the list of number of adults and print it....
09:57:27.311 [main] INFO  testCases.cabBooking - User clicks on cab....
09:57:36.812 [main] INFO  testCases.cabBooking - User enters from and to locations....
09:57:59.070 [main] INFO  testCases.cabBooking - User enters date and time and click on search....
09:57:59.646 [main] INFO  testCases.cabBooking - User selects car type as SUV....
09:57:59.780 [main] INFO  testCases.cabBooking - User prints the lowest car price....
09:58:05.638 [main] INFO  testCases.Gift_Card - User clicks on more tab and selects Giftcard option....
09:58:08.770 [main] INFO  testCases.Gift_Card - User selects wedding gift card and selects Email option....
09:58:09.774 [main] INFO  testCases.Gift_Card - Scrolll to that field and enter invalid email....
09:58:10.436 [main] INFO  testCases.Gift_Card - click on buy now and capture the error message....
09:58:10.449 [main] INFO  testCases.Gift_Card - User prints the error message....
09:58:11.122 [main] INFO  testCases.Hotel_Section - User clicks on Hotels tab....
09:58:14.112 [main] INFO  testCases.Hotel_Section - User clicks on guest button and then on adults....
09:58:27.003 [main] INFO  testCases.Hotel_Section - get the list of number of adults and print it....
15:14:42.094 [main] INFO  testCases.cabBooking - User clicks on cab....
15:15:58.933 [main] INFO  testCases.Gift_Card - User prints the error message....
15:15:59.183 [main] INFO  testCases.Hotel_Section - User clicks on Hotels tab....
15:16:01.599 [main] INFO  testCases.Hotel_Section - User clicks on guest button and then on adults....
15:16:07.163 [main] INFO  testCases.Hotel_Section - get the list of number of adults and print it....
15:17:26.615 [main] INFO  testCases.cabBooking - User clicks on cab....
15:17:31.681 [main] INFO  testCases.cabBooking - User enters from and to locations....
15:17:57.199 [main] INFO  testCases.cabBooking - User enters date and time and click on search....
15:17:57.453 [main] INFO  testCases.cabBooking - User selects car type as SUV....
15:17:57.516 [main] INFO  testCases.cabBooking - User prints the lowest car price....
15:18:20.475 [main] INFO  testCases.Gift_Card - User clicks on more tab and selects Giftcard option....
15:18:22.605 [main] INFO  testCases.Gift_Card - User selects wedding gift card and selects Email option....
15:18:23.069 [main] INFO  testCases.Gift_Card - Scrolll to that field and enter invalid email....
15:18:23.495 [main] INFO  testCases.Gift_Card - click on buy now and capture the error message....
