11:36:05.748 [main] INFO  testCases.Gift_Card - click on buy now and capture the error message....
11:36:05.784 [main] INFO  testCases.Gift_Card - User prints the error message....
11:36:06.387 [main] INFO  testCases.Hotel_Section - User clicks on Hotels tab....
11:36:08.447 [main] INFO  testCases.Hotel_Section - User clicks on guest button and then on adults....
11:36:18.715 [main] INFO  testCases.Hotel_Section - get the list of number of adults and print it....
13:10:20.606 [main] INFO  testCases.cabBooking - User clicks on cab....
13:10:25.811 [main] INFO  testCases.cabBooking - User enters from and to locations....
13:10:32.809 [main] INFO  testCases.cabBooking - User enters date and time and click on search....
13:10:33.104 [main] INFO  testCases.cabBooking - User selects car type as SUV....
13:10:33.190 [main] INFO  testCases.cabBooking - User prints the lowest car price....
13:10:35.942 [main] INFO  testCases.Gift_Card - User clicks on more tab and selects Giftcard option....
13:10:37.623 [main] INFO  testCases.Gift_Card - User selects wedding gift card and selects Email option....
13:10:38.313 [main] INFO  testCases.Gift_Card - Scrolll to that field and enter invalid email....
13:10:38.958 [main] INFO  testCases.Gift_Card - click on buy now and capture the error message....
13:10:38.964 [main] INFO  testCases.Gift_Card - User prints the error message....
13:10:39.530 [main] INFO  testCases.Hotel_Section - User clicks on Hotels tab....
13:10:40.528 [main] INFO  testCases.Hotel_Section - User clicks on guest button and then on adults....
13:10:48.011 [main] INFO  testCases.Hotel_Section - get the list of number of adults and print it....
10:48:12.486 [main] INFO  testCases.cabBooking - User clicks on cab....
10:48:21.889 [main] INFO  testCases.cabBooking - User enters from and to locations....
10:48:41.441 [main] INFO  testCases.cabBooking - User selects car type as SUV....
10:48:41.630 [main] INFO  testCases.cabBooking - User prints the lowest car price....
10:48:48.559 [main] INFO  testCases.Gift_Card - User clicks on more tab and selects Giftcard option....
10:48:51.040 [main] INFO  testCases.Gift_Card - User selects wedding gift card and selects Email option....
10:48:52.582 [main] INFO  testCases.Gift_Card - Scrolll to that field and enter invalid email....
10:48:54.063 [main] INFO  testCases.Gift_Card - click on buy now and capture the error message....
10:48:54.070 [main] INFO  testCases.Gift_Card - User prints the error message....
10:48:55.393 [main] INFO  testCases.Hotel_Section - User clicks on Hotels tab....
10:48:58.011 [main] INFO  testCases.Hotel_Section - User clicks on guest button and then on adults....
10:49:14.423 [main] INFO  testCases.Hotel_Section - get the list of number of adults and print it....
11:02:11.755 [main] INFO  testCases.Gift_Card - User prints the error message....
11:03:12.507 [main] INFO  testCases.Hotel_Section - User clicks on Hotels tab....
11:13:43.399 [main] INFO  testCases.Gift_Card - User prints the error message....
11:13:44.059 [main] INFO  testCases.Hotel_Section - User clicks on Hotels tab....
11:13:47.129 [main] INFO  testCases.Hotel_Section - User clicks on guest button and then on adults....
11:42:13.183 [main] INFO  testCases.cabBooking - User clicks on cab....
11:42:19.605 [main] INFO  testCases.cabBooking - User enters from and to locations....
11:42:29.087 [main] INFO  testCases.cabBooking - User enters date and time and click on search....
11:42:31.853 [main] INFO  testCases.cabBooking - User selects car type as SUV....
11:42:32.014 [main] INFO  testCases.cabBooking - User prints the lowest car price....
11:42:36.210 [main] INFO  testCases.Gift_Card - User clicks on more tab and selects Giftcard option....
11:42:39.254 [main] INFO  testCases.Gift_Card - User selects wedding gift card and selects Email option....
11:42:40.323 [main] INFO  testCases.Gift_Card - Scrolll to that field and enter invalid email....
11:42:40.923 [main] INFO  testCases.Gift_Card - click on buy now and capture the error message....
11:42:40.930 [main] INFO  testCases.Gift_Card - User prints the error message....
11:42:41.679 [main] INFO  testCases.Hotel_Section - User clicks on Hotels tab....
11:42:43.029 [main] INFO  testCases.Hotel_Section - User clicks on guest button and then on adults....
11:42:52.643 [main] INFO  testCases.Hotel_Section - get the list of number of adults and print it....
11:49:26.094 [main] INFO  testCases.cabBooking - User clicks on cab....
11:55:05.821 [main] INFO  testCases.Gift_Card - User prints the error message....
11:59:18.366 [main] INFO  testCases.cabBooking - User clicks on cab....
11:59:26.288 [main] INFO  testCases.cabBooking - User enters from and to locations....
11:59:33.042 [main] INFO  testCases.cabBooking - User enters date and time and click on search....
11:59:51.505 [main] INFO  testCases.cabBooking - User selects car type as SUV....
11:59:51.651 [main] INFO  testCases.cabBooking - User prints the lowest car price....
